<?xml version="1.0" encoding="UTF-8"?>
<!-- Generated by org.testng.reporters.JUnitXMLReporter -->
<testsuite ignored="0" hostname="sanil-Inspiron-5575" failures="0" tests="4" name="Test" time="72.02" errors="0" timestamp="06 Mar. 2023 16:21:07 GMT">
  <testcase classname="sanil.laptopPurchase.test.AccountLoginPageTest" name="verifyAlertBannerForInvalidLoginCredentials" time="1.841"/>
  <testcase classname="sanil.laptopPurchase.test.LaptopsAndNotebooksPageTest" name="verifyAlertBannerForInvalidLoginCredentials" time="11.046"/>
  <testcase classname="sanil.laptopPurchase.test.MyAccountPageTest" name="verifyAlertBannerForInvalidLoginCredentials" time="2.7"/>
  <testcase classname="sanil.laptopPurchase.test.MyWishListTest" name="verifyAddingProductToWishList" time="5.663"/>
</testsuite> <!-- Test -->
