<?xml version="1.0" encoding="UTF-8"?>
<testng-results ignored="0" total="4" passed="4" failed="0" skipped="0">
  <reporter-output>
  </reporter-output>
  <suite started-at="2023-03-06T16:19:55Z" name="Suite" finished-at="2023-03-06T16:21:07Z" duration-ms="72020">
    <groups>
    </groups>
    <test started-at="2023-03-06T16:19:55Z" name="Test" finished-at="2023-03-06T16:21:07Z" duration-ms="72020">
      <class name="sanil.laptopPurchase.test.MyAccountPageTest">
        <test-method is-config="true" signature="setUp()[pri:0, instance:sanil.laptopPurchase.test.MyAccountPageTest@2421cc4]" started-at="2023-03-06T16:20:37Z" name="setUp" finished-at="2023-03-06T16:20:51Z" duration-ms="14511" status="PASS">
          <reporter-output>
          </reporter-output>
        </test-method> <!-- setUp -->
        <test-method signature="verifyAlertBannerForInvalidLoginCredentials()[pri:0, instance:sanil.laptopPurchase.test.MyAccountPageTest@2421cc4]" started-at="2023-03-06T16:20:51Z" name="verifyAlertBannerForInvalidLoginCredentials" finished-at="2023-03-06T16:20:54Z" duration-ms="2700" status="PASS">
          <reporter-output>
          </reporter-output>
        </test-method> <!-- verifyAlertBannerForInvalidLoginCredentials -->
        <test-method is-config="true" signature="teardown()[pri:0, instance:sanil.laptopPurchase.test.MyAccountPageTest@2421cc4]" started-at="2023-03-06T16:20:54Z" name="teardown" finished-at="2023-03-06T16:20:55Z" duration-ms="1336" status="PASS">
          <reporter-output>
          </reporter-output>
        </test-method> <!-- teardown -->
      </class> <!-- sanil.laptopPurchase.test.MyAccountPageTest -->
      <class name="sanil.laptopPurchase.test.MyWishListTest">
        <test-method is-config="true" signature="setUp()[pri:0, instance:sanil.laptopPurchase.test.MyWishListTest@30c93896]" started-at="2023-03-06T16:20:55Z" name="setUp" finished-at="2023-03-06T16:21:01Z" duration-ms="5885" status="PASS">
          <reporter-output>
          </reporter-output>
        </test-method> <!-- setUp -->
        <test-method signature="verifyAddingProductToWishList()[pri:0, instance:sanil.laptopPurchase.test.MyWishListTest@30c93896]" started-at="2023-03-06T16:21:01Z" name="verifyAddingProductToWishList" finished-at="2023-03-06T16:21:07Z" duration-ms="5663" status="PASS">
          <reporter-output>
          </reporter-output>
        </test-method> <!-- verifyAddingProductToWishList -->
        <test-method is-config="true" signature="teardown()[pri:0, instance:sanil.laptopPurchase.test.MyWishListTest@30c93896]" started-at="2023-03-06T16:21:07Z" name="teardown" finished-at="2023-03-06T16:21:07Z" duration-ms="553" status="PASS">
          <reporter-output>
          </reporter-output>
        </test-method> <!-- teardown -->
      </class> <!-- sanil.laptopPurchase.test.MyWishListTest -->
      <class name="sanil.laptopPurchase.test.LaptopsAndNotebooksPageTest">
        <test-method is-config="true" signature="setUp()[pri:0, instance:sanil.laptopPurchase.test.LaptopsAndNotebooksPageTest@7a220c9a]" started-at="2023-03-06T16:20:12Z" name="setUp" finished-at="2023-03-06T16:20:25Z" duration-ms="12746" status="PASS">
          <reporter-output>
          </reporter-output>
        </test-method> <!-- setUp -->
        <test-method signature="verifyAlertBannerForInvalidLoginCredentials()[pri:0, instance:sanil.laptopPurchase.test.LaptopsAndNotebooksPageTest@7a220c9a]" started-at="2023-03-06T16:20:25Z" name="verifyAlertBannerForInvalidLoginCredentials" finished-at="2023-03-06T16:20:36Z" duration-ms="11046" status="PASS">
          <reporter-output>
          </reporter-output>
        </test-method> <!-- verifyAlertBannerForInvalidLoginCredentials -->
        <test-method is-config="true" signature="teardown()[pri:0, instance:sanil.laptopPurchase.test.LaptopsAndNotebooksPageTest@7a220c9a]" started-at="2023-03-06T16:20:36Z" name="teardown" finished-at="2023-03-06T16:20:37Z" duration-ms="527" status="PASS">
          <reporter-output>
          </reporter-output>
        </test-method> <!-- teardown -->
      </class> <!-- sanil.laptopPurchase.test.LaptopsAndNotebooksPageTest -->
      <class name="sanil.laptopPurchase.test.AccountLoginPageTest">
        <test-method is-config="true" signature="setUp()[pri:0, instance:sanil.laptopPurchase.test.AccountLoginPageTest@68702e03]" started-at="2023-03-06T16:19:55Z" name="setUp" finished-at="2023-03-06T16:20:10Z" duration-ms="14462" status="PASS">
          <reporter-output>
          </reporter-output>
        </test-method> <!-- setUp -->
        <test-method signature="verifyAlertBannerForInvalidLoginCredentials()[pri:0, instance:sanil.laptopPurchase.test.AccountLoginPageTest@68702e03]" started-at="2023-03-06T16:20:10Z" name="verifyAlertBannerForInvalidLoginCredentials" finished-at="2023-03-06T16:20:12Z" duration-ms="1841" status="PASS">
          <reporter-output>
          </reporter-output>
        </test-method> <!-- verifyAlertBannerForInvalidLoginCredentials -->
        <test-method is-config="true" signature="teardown()[pri:0, instance:sanil.laptopPurchase.test.AccountLoginPageTest@68702e03]" started-at="2023-03-06T16:20:12Z" name="teardown" finished-at="2023-03-06T16:20:12Z" duration-ms="725" status="PASS">
          <reporter-output>
          </reporter-output>
        </test-method> <!-- teardown -->
      </class> <!-- sanil.laptopPurchase.test.AccountLoginPageTest -->
    </test> <!-- Test -->
  </suite> <!-- Suite -->
</testng-results>
